C51 COMPILER V6.12  MAIN                                                                   08/08/2017 23:24:44 PAGE 1   


C51 COMPILER V6.12, COMPILATION OF MODULE MAIN
OBJECT MODULE PLACED IN .\main.OBJ
COMPILER INVOKED BY: C:\Keil\C51\BIN\C51.EXE .\main.c LARGE BROWSE DEBUG OBJECTEXTEND

stmt level    source

   1          /**********************蓝牙接收数据红外控制奥力空调**************
   2          *  平台：BST-V51  + Keil uVision2 + STC89C52RC 
   3          *  名称：蓝牙接收数据红外控制奥力空调 
   4          *  编写：Madi
   5          *  日期：2016-5-10
   6          *  晶振:11.0592MHZ
   7          *  硬件设置：蓝牙模块+红外发送头+BST-V51开发板 
   8          ******************************************************************/
   9          
  10          #include "reg52.h"	     //包含52系统头文件
  11          #include <string.h>
  12          #include "bst_car.h"	 //包含bst_car.h智能小车头文件
  13          #include "ir.c"			 //包含红外发送函数
  14          
  15          bit startBit = 0;  				//串口接收开始标志位
  16          bit newLineReceived = 0; 		//串口一帧协议包接收完成
  17          
  18          unsigned char inputString[50];  //接收数据协议
  19          
  20           /******************************************************************/
  21          /* 串口中断程序*/
  22          /******************************************************************/
  23          
  24          void UART_SER () interrupt 4
  25          {
  26   1      	unsigned char n; 	//定义临时变量
  27   1      	static int num = 0;
  28   1      	if(RI) 		//判断是接收中断产生
  29   1      	{
  30   2      		RI = 0; 	//标志位清零
  31   2      		n = SBUF; //读入缓冲区的值
  32   2      
  33   2      	    if(n == '$')
  34   2      	    {
  35   3      	      startBit = 1;
  36   3      		  num = 0;
  37   3      	    }
  38   2      	    if(startBit == 1)
  39   2      	    {
  40   3      	       inputString[num] = n;     
  41   3      	    }  
  42   2      	    if (n == '#') 
  43   2      	    {
  44   3      	       newLineReceived = 1; 
  45   3      	       startBit = 0;
  46   3      	    }
  47   2      		num++;
  48   2      		if(num >= 50)
  49   2      		{
  50   3      			num = 0;
  51   3      			startBit = 0;
  52   3      			newLineReceived	= 0;
  53   3      		}
  54   2      	}
  55   1      }
C51 COMPILER V6.12  MAIN                                                                   08/08/2017 23:24:44 PAGE 2   

  56          
  57          //蓝牙串口初始化
  58          void BleInit(void)
  59          {
  60   1         
  61   1         	SCON = 0x50; 	// SCON: 模式1, 8-bit UART, 使能接收
  62   1      	TMOD |= 0x20;
  63   1      	TH1=0xfd; 		//波特率9600 初值
  64   1      	TL1=0xfd;
  65   1      	TR1= 1;
  66   1      	EA = 1;	    	//开总中断
  67   1      	ES= 1; 			//打开串口中断
  68   1      }
  69              
  70          //主函数
  71          void main(void)
  72          {	
  73   1      	BleInit();
  74   1      
  75   1      	while(1)	//无限循环
  76   1      	{  		 
  77   2      		if (newLineReceived)
  78   2      	   	{
  79   3      			switch(inputString[1])
  80   3      			{
  81   4      				case '0':   
  82   4      					fengsu();
  83   4      					break;
  84   4      				case '1':   
  85   4      					wenjia();
  86   4      					break;
  87   4      				case '2':  
  88   4      					moshi();
  89   4      					break;
  90   4      				case '3': 
  91   4      					shuimian();
  92   4      					break;
  93   4      				case '4':  
  94   4      					wenjian();
  95   4      					break;
  96   4      				case '5':  
  97   4      					dingshi();
  98   4      					break;
  99   4      				case '6':  
 100   4      					baifeng();
 101   4      					break;
 102   4      				case '7':  
 103   4      					dianyuan();
 104   4      					break;
 105   4      				default:
 106   4      					;
 107   4      					break;
 108   4      			}
 109   3      			
 110   3      			newLineReceived = 0;  
 111   3      		    memset(inputString, 0x00, sizeof(inputString));  
 112   3      	    }
 113   2      	}
 114   1      }
 115             
 116          
 117          
C51 COMPILER V6.12  MAIN                                                                   08/08/2017 23:24:44 PAGE 3   



MODULE INFORMATION:   STATIC OVERLAYABLE
   CODE SIZE        =    634    ----
   CONSTANT SIZE    =   ----    ----
   XDATA SIZE       =     61    ----
   PDATA SIZE       =   ----    ----
   DATA SIZE        =   ----    ----
   IDATA SIZE       =   ----    ----
   BIT SIZE         =      2    ----
END OF MODULE INFORMATION.


C51 COMPILATION COMPLETE.  0 WARNING(S),  0 ERROR(S)
